# JRE version: OpenJDK Runtime Environment Temurin-21.0.11+10 (21.0.11+10) (build 21.0.11+10-LTS)
# Java VM: OpenJDK 64-Bit Server VM Temurin-21.0.11+10 (21.0.11+10-LTS, mixed mode, sharing, tiered, compressed oops, compressed class ptrs, parallel gc, windows-amd64)
GC Precious Log:
 CardTable entry size: 512
 CPUs: 12 total, 12 available
 Memory: 7895M
 Large Page Support: Disabled
 NUMA Support: Disabled
 Compressed Oops: Enabled (32-bit)
 Alignments: Space 512K, Generation 512K, Heap 2M
 Heap Min Capacity: 100M
 Heap Initial Capacity: 100M
 Heap Max Capacity: 2G
 Pre-touch: Disabled
 Parallel Workers: 10
Heap:
 PSYoungGen      total 8704K, used 2390K [0x00000000d5580000, 0x00000000d6080000, 0x0000000100000000)
  eden space 7680K, 24% used [0x00000000d5580000,0x00000000d575d9b8,0x00000000d5d00000)
  from space 1024K, 46% used [0x00000000d5d00000,0x00000000d5d78000,0x00000000d5e00000)
  to   space 1024K, 0% used [0x00000000d5f80000,0x00000000d5f80000,0x00000000d6080000)
 ParOldGen       total 623104K, used 622660K [0x0000000080000000, 0x00000000a6080000, 0x00000000d5580000)
  object space 623104K, 99% used [0x0000000080000000,0x00000000a6011060,0x00000000a6080000)
 Metaspace       used 78535K, committed 80192K, reserved 1179648K
  class space    used 9640K, committed 10304K, reserved 1048576K
GC Heap History (20 events):
Event: 355.060 GC heap after
{Heap after GC invocations=1167 (full 3):
 PSYoungGen      total 5632K, used 417K [0x00000000d5580000, 0x00000000d5c00000, 0x0000000100000000)
  eden space 5120K, 0% used [0x00000000d5580000,0x00000000d5580000,0x00000000d5a80000)
  from space 512K, 81% used [0x00000000d5b80000,0x00000000d5be8450,0x00000000d5c00000)
  to   space 512K, 0% used [0x00000000d5b00000,0x00000000d5b00000,0x00000000d5b80000)
 ParOldGen       total 615936K, used 615747K [0x0000000080000000, 0x00000000a5980000, 0x00000000d5580000)
  object space 615936K, 99% used [0x0000000080000000,0x00000000a5950d00,0x00000000a5980000)
 Metaspace       used 78509K, committed 80128K, reserved 1179648K
  class space    used 9638K, committed 10304K, reserved 1048576K
}
Event: 355.077 GC heap before
{Heap before GC invocations=1168 (full 3):
 PSYoungGen      total 5632K, used 5537K [0x00000000d5580000, 0x00000000d5c00000, 0x0000000100000000)
  eden space 5120K, 100% used [0x00000000d5580000,0x00000000d5a80000,0x00000000d5a80000)
  from space 512K, 81% used [0x00000000d5b80000,0x00000000d5be8450,0x00000000d5c00000)
  to   space 512K, 0% used [0x00000000d5b00000,0x00000000d5b00000,0x00000000d5b80000)
 ParOldGen       total 615936K, used 615766K [0x0000000080000000, 0x00000000a5980000, 0x00000000d5580000)
  object space 615936K, 99% used [0x0000000080000000,0x00000000a5955b00,0x00000000a5980000)
 Metaspace       used 78509K, committed 80128K, reserved 1179648K
  class space    used 9638K, committed 10304K, reserved 1048576K
}
Event: 355.080 GC heap after
{Heap after GC invocations=1168 (full 3):
 PSYoungGen      total 5632K, used 512K [0x00000000d5580000, 0x00000000d5c80000, 0x0000000100000000)
  eden space 5120K, 0% used [0x00000000d5580000,0x00000000d5580000,0x00000000d5a80000)
  from space 512K, 100% used [0x00000000d5b00000,0x00000000d5b80000,0x00000000d5b80000)
  to   space 1024K, 0% used [0x00000000d5b80000,0x00000000d5b80000,0x00000000d5c80000)
 ParOldGen       total 616448K, used 615998K [0x0000000080000000, 0x00000000a5a00000, 0x00000000d5580000)
  object space 616448K, 99% used [0x0000000080000000,0x00000000a598fb00,0x00000000a5a00000)
 Metaspace       used 78509K, committed 80128K, reserved 1179648K
  class space    used 9638K, committed 10304K, reserved 1048576K
}
Event: 355.159 GC heap before
{Heap before GC invocations=1169 (full 3):
 PSYoungGen      total 5632K, used 5632K [0x00000000d5580000, 0x00000000d5c80000, 0x0000000100000000)
  eden space 5120K, 100% used [0x00000000d5580000,0x00000000d5a80000,0x00000000d5a80000)
  from space 512K, 100% used [0x00000000d5b00000,0x00000000d5b80000,0x00000000d5b80000)
  to   space 1024K, 0% used [0x00000000d5b80000,0x00000000d5b80000,0x00000000d5c80000)
 ParOldGen       total 616448K, used 615998K [0x0000000080000000, 0x00000000a5a00000, 0x00000000d5580000)
  object space 616448K, 99% used [0x0000000080000000,0x00000000a598fb00,0x00000000a5a00000)
 Metaspace       used 78510K, committed 80128K, reserved 1179648K
  class space    used 9638K, committed 10304K, reserved 1048576K
}
Event: 355.162 GC heap after
{Heap after GC invocations=1169 (full 3):
 PSYoungGen      total 6144K, used 544K [0x00000000d5580000, 0x00000000d5c80000, 0x0000000100000000)
  eden space 5120K, 0% used [0x00000000d5580000,0x00000000d5580000,0x00000000d5a80000)
  from space 1024K, 53% used [0x00000000d5b80000,0x00000000d5c08000,0x00000000d5c80000)
  to   space 1024K, 0% used [0x00000000d5a80000,0x00000000d5a80000,0x00000000d5b80000)
 ParOldGen       total 616960K, used 616478K [0x0000000080000000, 0x00000000a5a80000, 0x00000000d5580000)
  object space 616960K, 99% used [0x0000000080000000,0x00000000a5a07b00,0x00000000a5a80000)
 Metaspace       used 78510K, committed 80128K, reserved 1179648K
  class space    used 9638K, committed 10304K, reserved 1048576K
}
Event: 355.182 GC heap before
{Heap before GC invocations=1170 (full 3):
 PSYoungGen      total 6144K, used 5664K [0x00000000d5580000, 0x00000000d5c80000, 0x0000000100000000)
  eden space 5120K, 100% used [0x00000000d5580000,0x00000000d5a80000,0x00000000d5a80000)
  from space 1024K, 53% used [0x00000000d5b80000,0x00000000d5c08000,0x00000000d5c80000)
  to   space 1024K, 0% used [0x00000000d5a80000,0x00000000d5a80000,0x00000000d5b80000)
 ParOldGen       total 616960K, used 616478K [0x0000000080000000, 0x00000000a5a80000, 0x00000000d5580000)
  object space 616960K, 99% used [0x0000000080000000,0x00000000a5a07b00,0x00000000a5a80000)
 Metaspace       used 78510K, committed 80128K, reserved 1179648K
  class space    used 9638K, committed 10304K, reserved 1048576K
}
Event: 355.186 GC heap after
{Heap after GC invocations=1170 (full 3):
 PSYoungGen      total 6144K, used 544K [0x00000000d5580000, 0x00000000d5c80000, 0x0000000100000000)
  eden space 5120K, 0% used [0x00000000d5580000,0x00000000d5580000,0x00000000d5a80000)
  from space 1024K, 53% used [0x00000000d5a80000,0x00000000d5b08000,0x00000000d5b80000)
  to   space 1024K, 0% used [0x00000000d5b80000,0x00000000d5b80000,0x00000000d5c80000)
 ParOldGen       total 616960K, used 616875K [0x0000000080000000, 0x00000000a5a80000, 0x00000000d5580000)
  object space 616960K, 99% used [0x0000000080000000,0x00000000a5a6ac90,0x00000000a5a80000)
 Metaspace       used 78510K, committed 80128K, reserved 1179648K
  class space    used 9638K, committed 10304K, reserved 1048576K
}
Event: 355.265 GC heap before
{Heap before GC invocations=1171 (full 3):
 PSYoungGen      total 6144K, used 5664K [0x00000000d5580000, 0x00000000d5c80000, 0x0000000100000000)
  eden space 5120K, 100% used [0x00000000d5580000,0x00000000d5a80000,0x00000000d5a80000)
  from space 1024K, 53% used [0x00000000d5a80000,0x00000000d5b08000,0x00000000d5b80000)
  to   space 1024K, 0% used [0x00000000d5b80000,0x00000000d5b80000,0x00000000d5c80000)
 ParOldGen       total 616960K, used 616875K [0x0000000080000000, 0x00000000a5a80000, 0x00000000d5580000)
  object space 616960K, 99% used [0x0000000080000000,0x00000000a5a6ac90,0x00000000a5a80000)
 Metaspace       used 78510K, committed 80128K, reserved 1179648K
  class space    used 9638K, committed 10304K, reserved 1048576K
}
Event: 355.268 GC heap after
{Heap after GC invocations=1171 (full 3):
 PSYoungGen      total 6144K, used 512K [0x00000000d5580000, 0x00000000d5c80000, 0x0000000100000000)
  eden space 5120K, 0% used [0x00000000d5580000,0x00000000d5580000,0x00000000d5a80000)
  from space 1024K, 50% used [0x00000000d5b80000,0x00000000d5c00268,0x00000000d5c80000)
  to   space 1024K, 0% used [0x00000000d5a80000,0x00000000d5a80000,0x00000000d5b80000)
 ParOldGen       total 617472K, used 617347K [0x0000000080000000, 0x00000000a5b00000, 0x00000000d5580000)
  object space 617472K, 99% used [0x0000000080000000,0x00000000a5ae0c90,0x00000000a5b00000)
 Metaspace       used 78510K, committed 80128K, reserved 1179648K
  class space    used 9638K, committed 10304K, reserved 1048576K
}
Event: 355.308 GC heap before
{Heap before GC invocations=1172 (full 3):
 PSYoungGen      total 6144K, used 5632K [0x00000000d5580000, 0x00000000d5c80000, 0x0000000100000000)
  eden space 5120K, 100% used [0x00000000d5580000,0x00000000d5a80000,0x00000000d5a80000)
  from space 1024K, 50% used [0x00000000d5b80000,0x00000000d5c00268,0x00000000d5c80000)
  to   space 1024K, 0% used [0x00000000d5a80000,0x00000000d5a80000,0x00000000d5b80000)
 ParOldGen       total 617472K, used 617347K [0x0000000080000000, 0x00000000a5b00000, 0x00000000d5580000)
  object space 617472K, 99% used [0x0000000080000000,0x00000000a5ae0c90,0x00000000a5b00000)
 Metaspace       used 78510K, committed 80128K, reserved 1179648K
  class space    used 9638K, committed 10304K, reserved 1048576K
}
Event: 355.311 GC heap after
{Heap after GC invocations=1172 (full 3):
 PSYoungGen      total 6144K, used 416K [0x00000000d5580000, 0x00000000d5c00000, 0x0000000100000000)
  eden space 5120K, 0% used [0x00000000d5580000,0x00000000d5580000,0x00000000d5a80000)
  from space 1024K, 40% used [0x00000000d5a80000,0x00000000d5ae8000,0x00000000d5b80000)
  to   space 512K, 0% used [0x00000000d5b80000,0x00000000d5b80000,0x00000000d5c00000)
 ParOldGen       total 617984K, used 617603K [0x0000000080000000, 0x00000000a5b80000, 0x00000000d5580000)
  object space 617984K, 99% used [0x0000000080000000,0x00000000a5b20c90,0x00000000a5b80000)
 Metaspace       used 78510K, committed 80128K, reserved 1179648K
  class space    used 9638K, committed 10304K, reserved 1048576K
}
Event: 355.417 GC heap before
{Heap before GC invocations=1173 (full 3):
 PSYoungGen      total 6144K, used 5536K [0x00000000d5580000, 0x00000000d5c00000, 0x0000000100000000)
  eden space 5120K, 100% used [0x00000000d5580000,0x00000000d5a80000,0x00000000d5a80000)
  from space 1024K, 40% used [0x00000000d5a80000,0x00000000d5ae8000,0x00000000d5b80000)
  to   space 512K, 0% used [0x00000000d5b80000,0x00000000d5b80000,0x00000000d5c00000)
 ParOldGen       total 617984K, used 617603K [0x0000000080000000, 0x00000000a5b80000, 0x00000000d5580000)
  object space 617984K, 99% used [0x0000000080000000,0x00000000a5b20c90,0x00000000a5b80000)
 Metaspace       used 78516K, committed 80128K, reserved 1179648K
  class space    used 9638K, committed 10304K, reserved 1048576K
}
Event: 355.427 GC heap after
{Heap after GC invocations=1173 (full 3):
 PSYoungGen      total 5632K, used 418K [0x00000000d5580000, 0x00000000d5c00000, 0x0000000100000000)
  eden space 5120K, 0% used [0x00000000d5580000,0x00000000d5580000,0x00000000d5a80000)
  from space 512K, 81% used [0x00000000d5b80000,0x00000000d5be8858,0x00000000d5c00000)
  to   space 512K, 0% used [0x00000000d5b00000,0x00000000d5b00000,0x00000000d5b80000)
 ParOldGen       total 617984K, used 617835K [0x0000000080000000, 0x00000000a5b80000, 0x00000000d5580000)
  object space 617984K, 99% used [0x0000000080000000,0x00000000a5b5ac90,0x00000000a5b80000)
 Metaspace       used 78516K, committed 80128K, reserved 1179648K
  class space    used 9638K, committed 10304K, reserved 1048576K
}
Event: 355.560 GC heap before
{Heap before GC invocations=1174 (full 3):
 PSYoungGen      total 5632K, used 5538K [0x00000000d5580000, 0x00000000d5c00000, 0x0000000100000000)
  eden space 5120K, 100% used [0x00000000d5580000,0x00000000d5a80000,0x00000000d5a80000)
  from space 512K, 81% used [0x00000000d5b80000,0x00000000d5be8858,0x00000000d5c00000)
  to   space 512K, 0% used [0x00000000d5b00000,0x00000000d5b00000,0x00000000d5b80000)
 ParOldGen       total 617984K, used 617835K [0x0000000080000000, 0x00000000a5b80000, 0x00000000d5580000)
  object space 617984K, 99% used [0x0000000080000000,0x00000000a5b5ac90,0x00000000a5b80000)
 Metaspace       used 78517K, committed 80128K, reserved 1179648K
  class space    used 9638K, committed 10304K, reserved 1048576K
}
Event: 355.577 GC heap after
{Heap after GC invocations=1174 (full 3):
 PSYoungGen      total 5632K, used 464K [0x00000000d5580000, 0x00000000d5c00000, 0x0000000100000000)
  eden space 5120K, 0% used [0x00000000d5580000,0x00000000d5580000,0x00000000d5a80000)
  from space 512K, 90% used [0x00000000d5b00000,0x00000000d5b74010,0x00000000d5b80000)
  to   space 512K, 0% used [0x00000000d5b80000,0x00000000d5b80000,0x00000000d5c00000)
 ParOldGen       total 619008K, used 618724K [0x0000000080000000, 0x00000000a5c80000, 0x00000000d5580000)
  object space 619008K, 99% used [0x0000000080000000,0x00000000a5c391a0,0x00000000a5c80000)
 Metaspace       used 78517K, committed 80128K, reserved 1179648K
  class space    used 9638K, committed 10304K, reserved 1048576K
}
Event: 355.666 GC heap before
{Heap before GC invocations=1175 (full 3):
 PSYoungGen      total 5632K, used 5584K [0x00000000d5580000, 0x00000000d5c00000, 0x0000000100000000)
  eden space 5120K, 100% used [0x00000000d5580000,0x00000000d5a80000,0x00000000d5a80000)
  from space 512K, 90% used [0x00000000d5b00000,0x00000000d5b74010,0x00000000d5b80000)
  to   space 512K, 0% used [0x00000000d5b80000,0x00000000d5b80000,0x00000000d5c00000)
 ParOldGen       total 619008K, used 618724K [0x0000000080000000, 0x00000000a5c80000, 0x00000000d5580000)
  object space 619008K, 99% used [0x0000000080000000,0x00000000a5c391a0,0x00000000a5c80000)
 Metaspace       used 78517K, committed 80128K, reserved 1179648K
  class space    used 9638K, committed 10304K, reserved 1048576K
}
Event: 355.670 GC heap after
{Heap after GC invocations=1175 (full 3):
 PSYoungGen      total 5632K, used 512K [0x00000000d5580000, 0x00000000d5c80000, 0x0000000100000000)
  eden space 5120K, 0% used [0x00000000d5580000,0x00000000d5580000,0x00000000d5a80000)
  from space 512K, 100% used [0x00000000d5b80000,0x00000000d5c00000,0x00000000d5c00000)
  to   space 1024K, 0% used [0x00000000d5a80000,0x00000000d5a80000,0x00000000d5b80000)
 ParOldGen       total 619008K, used 618996K [0x0000000080000000, 0x00000000a5c80000, 0x00000000d5580000)
  object space 619008K, 99% used [0x0000000080000000,0x00000000a5c7d1a0,0x00000000a5c80000)
 Metaspace       used 78517K, committed 80128K, reserved 1179648K
  class space    used 9638K, committed 10304K, reserved 1048576K
}
Event: 355.822 GC heap before
{Heap before GC invocations=1176 (full 3):
 PSYoungGen      total 5632K, used 5632K [0x00000000d5580000, 0x00000000d5c80000, 0x0000000100000000)
  eden space 5120K, 100% used [0x00000000d5580000,0x00000000d5a80000,0x00000000d5a80000)
  from space 512K, 100% used [0x00000000d5b80000,0x00000000d5c00000,0x00000000d5c00000)
  to   space 1024K, 0% used [0x00000000d5a80000,0x00000000d5a80000,0x00000000d5b80000)
 ParOldGen       total 619008K, used 618996K [0x0000000080000000, 0x00000000a5c80000, 0x00000000d5580000)
  object space 619008K, 99% used [0x0000000080000000,0x00000000a5c7d1a0,0x00000000a5c80000)
 Metaspace       used 78519K, committed 80128K, reserved 1179648K
  class space    used 9638K, committed 10304K, reserved 1048576K
}
Event: 355.882 GC heap after
{Heap after GC invocations=1176 (full 3):
 PSYoungGen      total 6144K, used 1018K [0x00000000d5580000, 0x00000000d6080000, 0x0000000100000000)
  eden space 5120K, 0% used [0x00000000d5580000,0x00000000d5580000,0x00000000d5a80000)
  from space 1024K, 99% used [0x00000000d5a80000,0x00000000d5b7e8e8,0x00000000d5b80000)
  to   space 3072K, 0% used [0x00000000d5d80000,0x00000000d5d80000,0x00000000d6080000)
 ParOldGen       total 621056K, used 620653K [0x0000000080000000, 0x00000000a5e80000, 0x00000000d5580000)
  object space 621056K, 99% used [0x0000000080000000,0x00000000a5e1b610,0x00000000a5e80000)
 Metaspace       used 78519K, committed 80128K, reserved 1179648K
  class space    used 9638K, committed 10304K, reserved 1048576K
}
Event: 355.928 GC heap before
{Heap before GC invocations=1177 (full 3):
 PSYoungGen      total 6144K, used 6138K [0x00000000d5580000, 0x00000000d6080000, 0x0000000100000000)
  eden space 5120K, 100% used [0x00000000d5580000,0x00000000d5a80000,0x00000000d5a80000)
  from space 1024K, 99% used [0x00000000d5a80000,0x00000000d5b7e8e8,0x00000000d5b80000)
  to   space 3072K, 0% used [0x00000000d5d80000,0x00000000d5d80000,0x00000000d6080000)
 ParOldGen       total 621056K, used 620653K [0x0000000080000000, 0x00000000a5e80000, 0x00000000d5580000)
  object space 621056K, 99% used [0x0000000080000000,0x00000000a5e1b610,0x00000000a5e80000)
 Metaspace       used 78519K, committed 80128K, reserved 1179648K
  class space    used 9638K, committed 10304K, reserved 1048576K
}

